<?xml version="1.0" encoding="UTF-8"?>
<!-- Generated by org.testng.reporters.JUnitReportReporter -->
<testsuite hostname="dpatel-ld" name="com.linkedin.pinot.pql.TestPQL" tests="1" failures="0" timestamp="9 Dec 2014 19:01:19 GMT" time="0.307" errors="0">
  <testcase name="simpleTestTwo" time="0.307" classname="com.linkedin.pinot.pql.TestPQL"/>
</testsuite> <!-- com.linkedin.pinot.pql.TestPQL -->
