<?xml version="1.0" encoding="UTF-8"?>
<!-- Generated by org.testng.reporters.JUnitReportReporter -->
<testsuite hostname="dpatel-ld" name="com.linkedin.pinot.core.chunk.creator.impl.TestChunkIndexCreationDriverImpl" tests="1" failures="0" timestamp="9 Dec 2014 00:58:45 GMT" time="1.503" errors="0">
  <testcase name="test7" time="1.503" classname="com.linkedin.pinot.core.chunk.creator.impl.TestChunkIndexCreationDriverImpl"/>
</testsuite> <!-- com.linkedin.pinot.core.chunk.creator.impl.TestChunkIndexCreationDriverImpl -->
