<?xml version="1.0" encoding="UTF-8"?>
<!-- Generated by org.testng.reporters.JUnitReportReporter -->
<testsuite hostname="dpatel-ld" name="com.linkedin.pinot.segments.v1.creator.TestBitmapInvertedIndex" tests="2" failures="0" timestamp="21 Nov 2014 17:38:03 GMT" time="0.068" errors="0">
  <testcase name="test1" time="0.039" classname="com.linkedin.pinot.segments.v1.creator.TestBitmapInvertedIndex"/>
  <testcase name="test2" time="0.029" classname="com.linkedin.pinot.segments.v1.creator.TestBitmapInvertedIndex"/>
</testsuite> <!-- com.linkedin.pinot.segments.v1.creator.TestBitmapInvertedIndex -->
