<?xml version="1.0" encoding="UTF-8"?>
<!-- Generated by org.testng.reporters.JUnitReportReporter -->
<testsuite hostname="dpatel-ld" name="com.linkedin.pinot.core.util.TestCrcUtils" tests="1" failures="0" timestamp="5 Dec 2014 23:51:05 GMT" time="10.130" errors="0">
  <testcase name="test1" time="10.130" classname="com.linkedin.pinot.core.util.TestCrcUtils"/>
</testsuite> <!-- com.linkedin.pinot.core.util.TestCrcUtils -->
