<?xml version="1.0" encoding="UTF-8"?>
<!-- Generated by org.testng.reporters.JUnitReportReporter -->
<testsuite hostname="kgopalak-mn2" name="com.linkedin.pinot.segments.v1.creator.TestSegment" tests="1" failures="0" timestamp="29 Jul 2014 23:44:01 GMT" time="0.223" errors="0">
  <testcase name="test1" time="0.223" classname="com.linkedin.pinot.segments.v1.creator.TestSegment"/>
</testsuite> <!-- com.linkedin.pinot.segments.v1.creator.TestSegment -->
